{
  "Unknown Test Framework": {
    "coverage": {
      "/home/igor/Documentos/UFF/STI/Projeto_FInal/Aplicacao/bin/spring": {
        "lines": [
          null,
          1,
          1,
          1,
          null,
          null,
          84,
          1,
          1,
          1,
          null,
          null,
          null,
          null
        ]
      },
      "/home/igor/Documentos/UFF/STI/Projeto_FInal/Aplicacao/app/mailers/application_mailer.rb": {
        "lines": [
          0,
          0,
          0,
          0
        ],
        "branches": {
        }
      },
      "/home/igor/Documentos/UFF/STI/Projeto_FInal/Aplicacao/app/channels/application_cable/channel.rb": {
        "lines": [
          0,
          0,
          0,
          0
        ],
        "branches": {
        }
      },
      "/home/igor/Documentos/UFF/STI/Projeto_FInal/Aplicacao/app/channels/application_cable/connection.rb": {
        "lines": [
          0,
          0,
          0,
          0
        ],
        "branches": {
        }
      },
      "/home/igor/Documentos/UFF/STI/Projeto_FInal/Aplicacao/app/helpers/testes_helper.rb": {
        "lines": [
          0,
          0
        ],
        "branches": {
        }
      },
      "/home/igor/Documentos/UFF/STI/Projeto_FInal/Aplicacao/app/helpers/sessions_helper.rb": {
        "lines": [
          0,
          0,
          0,
          0,
          0,
          0,
          0,
          0,
          0,
          0,
          0,
          0,
          0,
          0,
          0,
          0,
          0,
          0,
          0,
          0
        ],
        "branches": {
        }
      },
      "/home/igor/Documentos/UFF/STI/Projeto_FInal/Aplicacao/app/helpers/caronas_helper.rb": {
        "lines": [
          0,
          0
        ],
        "branches": {
        }
      },
      "/home/igor/Documentos/UFF/STI/Projeto_FInal/Aplicacao/app/helpers/alunos_helper.rb": {
        "lines": [
          0,
          0
        ],
        "branches": {
        }
      },
      "/home/igor/Documentos/UFF/STI/Projeto_FInal/Aplicacao/app/helpers/campus_helper.rb": {
        "lines": [
          0,
          0
        ],
        "branches": {
        }
      },
      "/home/igor/Documentos/UFF/STI/Projeto_FInal/Aplicacao/app/helpers/welcome_helper.rb": {
        "lines": [
          0,
          0
        ],
        "branches": {
        }
      },
      "/home/igor/Documentos/UFF/STI/Projeto_FInal/Aplicacao/app/helpers/application_helper.rb": {
        "lines": [
          0,
          0
        ],
        "branches": {
        }
      },
      "/home/igor/Documentos/UFF/STI/Projeto_FInal/Aplicacao/app/helpers/users_helper.rb": {
        "lines": [
          0,
          0
        ],
        "branches": {
        }
      },
      "/home/igor/Documentos/UFF/STI/Projeto_FInal/Aplicacao/app/models/application_record.rb": {
        "lines": [
          0,
          0,
          0
        ],
        "branches": {
        }
      },
      "/home/igor/Documentos/UFF/STI/Projeto_FInal/Aplicacao/app/models/aluno.rb": {
        "lines": [
          0,
          0,
          0
        ],
        "branches": {
        }
      },
      "/home/igor/Documentos/UFF/STI/Projeto_FInal/Aplicacao/app/models/point.rb": {
        "lines": [
          0,
          0,
          0
        ],
        "branches": {
        }
      },
      "/home/igor/Documentos/UFF/STI/Projeto_FInal/Aplicacao/app/models/carona.rb": {
        "lines": [
          0,
          0,
          0
        ],
        "branches": {
        }
      },
      "/home/igor/Documentos/UFF/STI/Projeto_FInal/Aplicacao/app/models/campu.rb": {
        "lines": [
          0,
          0
        ],
        "branches": {
        }
      },
      "/home/igor/Documentos/UFF/STI/Projeto_FInal/Aplicacao/app/models/user.rb": {
        "lines": [
          0,
          0,
          0,
          0,
          0,
          0
        ],
        "branches": {
        }
      },
      "/home/igor/Documentos/UFF/STI/Projeto_FInal/Aplicacao/app/controllers/caronas_controller.rb": {
        "lines": [
          0,
          null,
          0,
          0,
          0,
          null,
          0,
          null,
          0,
          null,
          0,
          null,
          0,
          null,
          0,
          null,
          0,
          null,
          0,
          null,
          0,
          null,
          0,
          null,
          0,
          null,
          0,
          null,
          0,
          null,
          null,
          0
        ],
        "branches": {
        }
      },
      "/home/igor/Documentos/UFF/STI/Projeto_FInal/Aplicacao/app/controllers/users_controller.rb": {
        "lines": [
          0,
          0,
          0,
          0,
          null,
          null,
          0,
          0,
          0,
          null,
          null,
          0,
          0,
          0,
          null,
          null,
          0,
          0,
          0,
          null,
          null,
          0,
          0,
          0,
          null,
          null,
          0,
          0,
          0,
          null,
          null,
          0,
          0,
          0,
          null,
          null,
          0,
          0,
          0,
          0,
          0,
          0,
          0,
          0,
          null,
          null,
          0,
          0,
          0,
          0,
          0,
          0,
          0,
          0,
          0,
          0,
          0,
          0,
          null,
          null,
          0,
          0,
          0,
          0,
          null,
          0,
          0,
          0,
          0,
          0,
          null,
          0,
          null,
          0
        ],
        "branches": {
        }
      },
      "/home/igor/Documentos/UFF/STI/Projeto_FInal/Aplicacao/app/controllers/sessions_controller.rb": {
        "lines": [
          0,
          0,
          0,
          0,
          0,
          0,
          0,
          0,
          0,
          0,
          0,
          0,
          0,
          0,
          0,
          0
        ],
        "branches": {
        }
      },
      "/home/igor/Documentos/UFF/STI/Projeto_FInal/Aplicacao/app/controllers/alunos_controller.rb": {
        "lines": [
          0,
          0,
          null,
          null,
          0,
          0,
          0,
          null,
          null,
          0,
          0,
          null,
          null,
          0,
          0,
          0,
          null,
          null,
          0,
          0,
          null,
          null,
          0,
          0,
          null,
          0,
          0,
          0,
          0,
          0,
          0,
          0,
          0,
          0,
          0,
          null,
          null,
          0,
          0,
          0,
          0,
          0,
          0,
          0,
          0,
          0,
          0,
          0,
          null,
          null,
          0,
          0,
          null,
          0,
          0,
          0,
          0,
          0,
          null,
          0,
          null,
          0,
          0,
          0,
          null,
          null,
          0,
          0,
          0,
          0
        ],
        "branches": {
        }
      },
      "/home/igor/Documentos/UFF/STI/Projeto_FInal/Aplicacao/app/controllers/application_controller.rb": {
        "lines": [
          null,
          0,
          0,
          0,
          0,
          null,
          0,
          0,
          0,
          null,
          0,
          0,
          0,
          null,
          0,
          0,
          0,
          0,
          0
        ],
        "branches": {
        }
      },
      "/home/igor/Documentos/UFF/STI/Projeto_FInal/Aplicacao/app/controllers/campus_controller.rb": {
        "lines": [
          0,
          0,
          null,
          null,
          0,
          0,
          0,
          null,
          null,
          0,
          0,
          null,
          null,
          0,
          0,
          0,
          null,
          null,
          0,
          0,
          null,
          null,
          0,
          0,
          null,
          0,
          0,
          0,
          0,
          0,
          0,
          0,
          0,
          0,
          0,
          null,
          null,
          0,
          0,
          0,
          0,
          0,
          0,
          0,
          0,
          0,
          0,
          0,
          null,
          null,
          0,
          null,
          0,
          0,
          0,
          0,
          0,
          0,
          null,
          0,
          null,
          0,
          0,
          0,
          null,
          null,
          0,
          0,
          0,
          0
        ],
        "branches": {
        }
      },
      "/home/igor/Documentos/UFF/STI/Projeto_FInal/Aplicacao/app/controllers/welcome_controller.rb": {
        "lines": [
          0,
          0,
          0,
          0,
          0,
          0
        ],
        "branches": {
        }
      },
      "/home/igor/Documentos/UFF/STI/Projeto_FInal/Aplicacao/app/jobs/application_job.rb": {
        "lines": [
          0,
          null,
          null,
          null,
          null,
          null,
          0
        ],
        "branches": {
        }
      }
    },
    "timestamp": 1651256976
  },
  "RSpec": {
    "coverage": {
      "/home/igor/Documentos/UFF/STI/Projeto_FInal/Aplicacao/bin/spring": {
        "lines": [
          null,
          1,
          0,
          0,
          null,
          null,
          0,
          0,
          0,
          0,
          null,
          null,
          null,
          null
        ]
      },
      "/home/igor/Documentos/UFF/STI/Projeto_FInal/Aplicacao/app/mailers/application_mailer.rb": {
        "lines": [
          0,
          0,
          0,
          0
        ],
        "branches": {
        }
      },
      "/home/igor/Documentos/UFF/STI/Projeto_FInal/Aplicacao/app/channels/application_cable/channel.rb": {
        "lines": [
          0,
          0,
          0,
          0
        ],
        "branches": {
        }
      },
      "/home/igor/Documentos/UFF/STI/Projeto_FInal/Aplicacao/app/channels/application_cable/connection.rb": {
        "lines": [
          0,
          0,
          0,
          0
        ],
        "branches": {
        }
      },
      "/home/igor/Documentos/UFF/STI/Projeto_FInal/Aplicacao/app/helpers/testes_helper.rb": {
        "lines": [
          0,
          0
        ],
        "branches": {
        }
      },
      "/home/igor/Documentos/UFF/STI/Projeto_FInal/Aplicacao/app/helpers/sessions_helper.rb": {
        "lines": [
          0,
          0,
          0,
          0,
          0,
          0,
          0,
          0,
          0,
          0,
          0,
          0,
          0,
          0,
          0,
          0,
          0,
          0,
          0,
          0
        ],
        "branches": {
        }
      },
      "/home/igor/Documentos/UFF/STI/Projeto_FInal/Aplicacao/app/helpers/caronas_helper.rb": {
        "lines": [
          0,
          0
        ],
        "branches": {
        }
      },
      "/home/igor/Documentos/UFF/STI/Projeto_FInal/Aplicacao/app/helpers/alunos_helper.rb": {
        "lines": [
          0,
          0
        ],
        "branches": {
        }
      },
      "/home/igor/Documentos/UFF/STI/Projeto_FInal/Aplicacao/app/helpers/campus_helper.rb": {
        "lines": [
          0,
          0
        ],
        "branches": {
        }
      },
      "/home/igor/Documentos/UFF/STI/Projeto_FInal/Aplicacao/app/helpers/welcome_helper.rb": {
        "lines": [
          0,
          0
        ],
        "branches": {
        }
      },
      "/home/igor/Documentos/UFF/STI/Projeto_FInal/Aplicacao/app/helpers/application_helper.rb": {
        "lines": [
          0,
          0
        ],
        "branches": {
        }
      },
      "/home/igor/Documentos/UFF/STI/Projeto_FInal/Aplicacao/app/helpers/users_helper.rb": {
        "lines": [
          0,
          0
        ],
        "branches": {
        }
      },
      "/home/igor/Documentos/UFF/STI/Projeto_FInal/Aplicacao/app/models/application_record.rb": {
        "lines": [
          0,
          0,
          0
        ],
        "branches": {
        }
      },
      "/home/igor/Documentos/UFF/STI/Projeto_FInal/Aplicacao/app/models/point.rb": {
        "lines": [
          0,
          0,
          0
        ],
        "branches": {
        }
      },
      "/home/igor/Documentos/UFF/STI/Projeto_FInal/Aplicacao/app/models/carona.rb": {
        "lines": [
          0,
          0
        ],
        "branches": {
        }
      },
      "/home/igor/Documentos/UFF/STI/Projeto_FInal/Aplicacao/app/models/campu.rb": {
        "lines": [
          0,
          0
        ],
        "branches": {
        }
      },
      "/home/igor/Documentos/UFF/STI/Projeto_FInal/Aplicacao/app/models/user.rb": {
        "lines": [
          0,
          0,
          0,
          0,
          0,
          0
        ],
        "branches": {
        }
      },
      "/home/igor/Documentos/UFF/STI/Projeto_FInal/Aplicacao/app/models/admin.rb": {
        "lines": [
          0,
          0,
          0,
          0
        ],
        "branches": {
        }
      },
      "/home/igor/Documentos/UFF/STI/Projeto_FInal/Aplicacao/app/controllers/caronas_controller.rb": {
        "lines": [
          0,
          0,
          null,
          null,
          0,
          0,
          0,
          null,
          null,
          0,
          0,
          null,
          null,
          0,
          0,
          0,
          null,
          null,
          0,
          0,
          null,
          null,
          0,
          0,
          null,
          0,
          0,
          0,
          0,
          0,
          0,
          0,
          0,
          0,
          0,
          null,
          null,
          0,
          0,
          0,
          0,
          0,
          0,
          0,
          0,
          0,
          0,
          0,
          null,
          null,
          0,
          0,
          0,
          0,
          0,
          0,
          0,
          null,
          0,
          null,
          0,
          0,
          0,
          null,
          null,
          0,
          0,
          0,
          0
        ],
        "branches": {
        }
      },
      "/home/igor/Documentos/UFF/STI/Projeto_FInal/Aplicacao/app/controllers/users_controller.rb": {
        "lines": [
          0,
          0,
          0,
          0,
          null,
          null,
          0,
          0,
          0,
          null,
          null,
          0,
          0,
          0,
          null,
          null,
          0,
          0,
          0,
          null,
          null,
          0,
          0,
          0,
          null,
          null,
          0,
          0,
          0,
          null,
          null,
          0,
          0,
          0,
          null,
          null,
          0,
          0,
          0,
          0,
          0,
          0,
          0,
          0,
          null,
          null,
          0,
          0,
          0,
          0,
          0,
          0,
          0,
          0,
          0,
          0,
          0,
          0,
          null,
          null,
          0,
          0,
          0,
          0,
          null,
          0,
          0,
          0,
          0,
          0,
          null,
          0,
          null,
          0
        ],
        "branches": {
        }
      },
      "/home/igor/Documentos/UFF/STI/Projeto_FInal/Aplicacao/app/controllers/sessions_controller.rb": {
        "lines": [
          0,
          0,
          0,
          0,
          0,
          0,
          0,
          0,
          0,
          0,
          0,
          0,
          0,
          0,
          0,
          0
        ],
        "branches": {
        }
      },
      "/home/igor/Documentos/UFF/STI/Projeto_FInal/Aplicacao/app/controllers/alunos_controller.rb": {
        "lines": [
          0,
          0,
          null,
          null,
          0,
          0,
          0,
          null,
          null,
          0,
          0,
          null,
          null,
          0,
          0,
          0,
          null,
          null,
          0,
          0,
          null,
          null,
          0,
          0,
          null,
          0,
          0,
          0,
          0,
          0,
          0,
          0,
          0,
          0,
          0,
          null,
          null,
          0,
          0,
          0,
          0,
          0,
          0,
          0,
          0,
          0,
          0,
          0,
          null,
          null,
          0,
          0,
          null,
          0,
          0,
          0,
          0,
          0,
          null,
          0,
          null,
          0,
          0,
          0,
          null,
          null,
          0,
          0,
          0,
          0
        ],
        "branches": {
        }
      },
      "/home/igor/Documentos/UFF/STI/Projeto_FInal/Aplicacao/app/controllers/application_controller.rb": {
        "lines": [
          null,
          0,
          0,
          0,
          0,
          null,
          0,
          0,
          0,
          null,
          0,
          0,
          0,
          null,
          0,
          0,
          0,
          0,
          0
        ],
        "branches": {
        }
      },
      "/home/igor/Documentos/UFF/STI/Projeto_FInal/Aplicacao/app/controllers/campus_controller.rb": {
        "lines": [
          null,
          0,
          0,
          null,
          null,
          0,
          0,
          0,
          null,
          null,
          0,
          null,
          null,
          0,
          0,
          0,
          null,
          null,
          0,
          null,
          null,
          0,
          0,
          null,
          0,
          0,
          0,
          0,
          0,
          0,
          0,
          0,
          0,
          0,
          null,
          null,
          0,
          0,
          0,
          0,
          0,
          0,
          0,
          0,
          0,
          0,
          0,
          null,
          null,
          0,
          null,
          0,
          0,
          0,
          0,
          0,
          0,
          null,
          0,
          null,
          0,
          0,
          0,
          null,
          null,
          0,
          0,
          0,
          0
        ],
        "branches": {
        }
      },
      "/home/igor/Documentos/UFF/STI/Projeto_FInal/Aplicacao/app/controllers/welcome_controller.rb": {
        "lines": [
          0,
          0,
          0,
          0,
          0,
          0
        ],
        "branches": {
        }
      },
      "/home/igor/Documentos/UFF/STI/Projeto_FInal/Aplicacao/app/jobs/application_job.rb": {
        "lines": [
          0,
          null,
          null,
          null,
          null,
          null,
          0
        ],
        "branches": {
        }
      }
    },
    "timestamp": 1651262625
  }
}
