{
  "Unknown Test Framework": {
    "coverage": {
      "/home/igor/Documentos/UFF/STI/Projeto_FInal/Aplicacao/bin/spring": {
        "lines": [
          null,
          1,
          1,
          1,
          null,
          null,
          89,
          1,
          1,
          1,
          null,
          null,
          null,
          null
        ]
      },
      "/home/igor/Documentos/UFF/STI/Projeto_FInal/Aplicacao/app/mailers/application_mailer.rb": {
        "lines": [
          0,
          0,
          0,
          0
        ],
        "branches": {
        }
      },
      "/home/igor/Documentos/UFF/STI/Projeto_FInal/Aplicacao/app/channels/application_cable/channel.rb": {
        "lines": [
          0,
          0,
          0,
          0
        ],
        "branches": {
        }
      },
      "/home/igor/Documentos/UFF/STI/Projeto_FInal/Aplicacao/app/channels/application_cable/connection.rb": {
        "lines": [
          0,
          0,
          0,
          0
        ],
        "branches": {
        }
      },
      "/home/igor/Documentos/UFF/STI/Projeto_FInal/Aplicacao/app/helpers/testes_helper.rb": {
        "lines": [
          0,
          0
        ],
        "branches": {
        }
      },
      "/home/igor/Documentos/UFF/STI/Projeto_FInal/Aplicacao/app/helpers/sessions_helper.rb": {
        "lines": [
          0,
          0,
          0,
          0,
          0,
          0,
          0,
          0,
          0,
          0,
          0,
          0,
          0,
          0,
          0,
          0,
          0,
          0,
          0,
          0
        ],
        "branches": {
        }
      },
      "/home/igor/Documentos/UFF/STI/Projeto_FInal/Aplicacao/app/helpers/caronas_helper.rb": {
        "lines": [
          0,
          0
        ],
        "branches": {
        }
      },
      "/home/igor/Documentos/UFF/STI/Projeto_FInal/Aplicacao/app/helpers/alunos_helper.rb": {
        "lines": [
          0,
          0
        ],
        "branches": {
        }
      },
      "/home/igor/Documentos/UFF/STI/Projeto_FInal/Aplicacao/app/helpers/search_helper.rb": {
        "lines": [
          0,
          0
        ],
        "branches": {
        }
      },
      "/home/igor/Documentos/UFF/STI/Projeto_FInal/Aplicacao/app/helpers/campus_helper.rb": {
        "lines": [
          0,
          0
        ],
        "branches": {
        }
      },
      "/home/igor/Documentos/UFF/STI/Projeto_FInal/Aplicacao/app/helpers/welcome_helper.rb": {
        "lines": [
          0,
          0
        ],
        "branches": {
        }
      },
      "/home/igor/Documentos/UFF/STI/Projeto_FInal/Aplicacao/app/helpers/application_helper.rb": {
        "lines": [
          0,
          0
        ],
        "branches": {
        }
      },
      "/home/igor/Documentos/UFF/STI/Projeto_FInal/Aplicacao/app/helpers/users_helper.rb": {
        "lines": [
          0,
          0
        ],
        "branches": {
        }
      },
      "/home/igor/Documentos/UFF/STI/Projeto_FInal/Aplicacao/app/models/application_record.rb": {
        "lines": [
          0,
          0,
          0
        ],
        "branches": {
        }
      },
      "/home/igor/Documentos/UFF/STI/Projeto_FInal/Aplicacao/app/models/point.rb": {
        "lines": [
          0,
          0,
          0
        ],
        "branches": {
        }
      },
      "/home/igor/Documentos/UFF/STI/Projeto_FInal/Aplicacao/app/models/carona.rb": {
        "lines": [
          0,
          0
        ],
        "branches": {
        }
      },
      "/home/igor/Documentos/UFF/STI/Projeto_FInal/Aplicacao/app/models/campu.rb": {
        "lines": [
          0,
          0
        ],
        "branches": {
        }
      },
      "/home/igor/Documentos/UFF/STI/Projeto_FInal/Aplicacao/app/models/user.rb": {
        "lines": [
          0,
          0,
          0,
          0,
          0,
          null,
          null,
          0
        ],
        "branches": {
        }
      },
      "/home/igor/Documentos/UFF/STI/Projeto_FInal/Aplicacao/app/models/admin.rb": {
        "lines": [
          0,
          0,
          0,
          0
        ],
        "branches": {
        }
      },
      "/home/igor/Documentos/UFF/STI/Projeto_FInal/Aplicacao/app/controllers/caronas_controller.rb": {
        "lines": [
          0,
          0,
          null,
          null,
          0,
          0,
          0,
          null,
          null,
          0,
          0,
          null,
          null,
          0,
          0,
          0,
          null,
          null,
          0,
          0,
          null,
          null,
          0,
          0,
          null,
          0,
          0,
          0,
          0,
          0,
          0,
          0,
          0,
          0,
          0,
          null,
          null,
          0,
          0,
          0,
          0,
          0,
          0,
          0,
          0,
          0,
          0,
          0,
          null,
          null,
          0,
          0,
          0,
          0,
          0,
          0,
          0,
          null,
          0,
          null,
          0,
          0,
          0,
          null,
          null,
          0,
          0,
          0,
          0
        ],
        "branches": {
        }
      },
      "/home/igor/Documentos/UFF/STI/Projeto_FInal/Aplicacao/app/controllers/users_controller.rb": {
        "lines": [
          0,
          0,
          0,
          0,
          0,
          null,
          null,
          null,
          0,
          0,
          0,
          null,
          null,
          0,
          0,
          0,
          null,
          null,
          0,
          0,
          0,
          null,
          null,
          0,
          0,
          0,
          null,
          null,
          0,
          0,
          0,
          0,
          0,
          0,
          0,
          0,
          null,
          null,
          0,
          0,
          0,
          0,
          0,
          0,
          0,
          0,
          0,
          0,
          0,
          0,
          null,
          null,
          0,
          0,
          0,
          0,
          null,
          0,
          0,
          0,
          0,
          0,
          null,
          0,
          null,
          0,
          0,
          0,
          null,
          null,
          0,
          0,
          0,
          null,
          null,
          0,
          0,
          0,
          null,
          null,
          null,
          0
        ],
        "branches": {
        }
      },
      "/home/igor/Documentos/UFF/STI/Projeto_FInal/Aplicacao/app/controllers/sessions_controller.rb": {
        "lines": [
          0,
          0,
          0,
          0,
          0,
          0,
          0,
          0,
          0,
          0,
          0,
          0,
          0,
          0,
          0,
          0
        ],
        "branches": {
        }
      },
      "/home/igor/Documentos/UFF/STI/Projeto_FInal/Aplicacao/app/controllers/alunos_controller.rb": {
        "lines": [
          0,
          0,
          null,
          null,
          0,
          0,
          0,
          null,
          null,
          0,
          0,
          null,
          null,
          0,
          0,
          0,
          null,
          null,
          0,
          0,
          null,
          null,
          0,
          0,
          null,
          0,
          0,
          0,
          0,
          0,
          0,
          0,
          0,
          0,
          0,
          null,
          null,
          0,
          0,
          0,
          0,
          0,
          0,
          0,
          0,
          0,
          0,
          0,
          null,
          null,
          0,
          0,
          null,
          0,
          0,
          0,
          0,
          0,
          null,
          0,
          null,
          0,
          0,
          0,
          null,
          null,
          0,
          0,
          0,
          0
        ],
        "branches": {
        }
      },
      "/home/igor/Documentos/UFF/STI/Projeto_FInal/Aplicacao/app/controllers/application_controller.rb": {
        "lines": [
          null,
          0,
          0,
          0,
          0,
          null,
          0,
          0,
          0,
          null,
          0,
          0,
          0,
          null,
          0,
          0,
          0,
          0,
          0
        ],
        "branches": {
        }
      },
      "/home/igor/Documentos/UFF/STI/Projeto_FInal/Aplicacao/app/controllers/campus_controller.rb": {
        "lines": [
          null,
          0,
          0,
          null,
          null,
          0,
          0,
          0,
          null,
          null,
          0,
          null,
          null,
          0,
          0,
          0,
          null,
          null,
          0,
          null,
          null,
          0,
          0,
          null,
          0,
          0,
          0,
          0,
          0,
          0,
          0,
          0,
          0,
          0,
          null,
          null,
          0,
          0,
          0,
          0,
          0,
          0,
          0,
          0,
          0,
          0,
          0,
          null,
          null,
          0,
          null,
          0,
          0,
          0,
          0,
          0,
          0,
          null,
          0,
          null,
          0,
          0,
          0,
          null,
          null,
          0,
          0,
          0,
          0
        ],
        "branches": {
        }
      },
      "/home/igor/Documentos/UFF/STI/Projeto_FInal/Aplicacao/app/controllers/welcome_controller.rb": {
        "lines": [
          0,
          0,
          0,
          0,
          0,
          0
        ],
        "branches": {
        }
      },
      "/home/igor/Documentos/UFF/STI/Projeto_FInal/Aplicacao/app/jobs/application_job.rb": {
        "lines": [
          0,
          null,
          null,
          null,
          null,
          null,
          0
        ],
        "branches": {
        }
      }
    },
    "timestamp": 1651491493
  },
  "RSpec": {
    "coverage": {
      "/home/igor/Documentos/UFF/STI/Projeto_FInal/Aplicacao/spec/helpers/caronas_helper_spec.rb": {
        "lines": [
          1,
          null,
          null,
          null,
          null,
          null,
          null,
          null,
          null,
          null,
          null,
          null,
          0,
          0,
          null
        ]
      },
      "/home/igor/Documentos/UFF/STI/Projeto_FInal/Aplicacao/spec/rails_helper.rb": {
        "lines": [
          null,
          1,
          1,
          1,
          null,
          1,
          1,
          null,
          null,
          null,
          null,
          null,
          null,
          null,
          null,
          null,
          null,
          null,
          null,
          null,
          null,
          null,
          null,
          null,
          null,
          null,
          null,
          1,
          null,
          1,
          1,
          null,
          0,
          null,
          0,
          null,
          null,
          null,
          null,
          0,
          null,
          null,
          null,
          null,
          null,
          null,
          null,
          null,
          null,
          null,
          null,
          null,
          null,
          null,
          null,
          null,
          null,
          0,
          null,
          null,
          0,
          null,
          null,
          null
        ]
      },
      "/home/igor/Documentos/UFF/STI/Projeto_FInal/Aplicacao/config/environment.rb": {
        "lines": [
          null,
          1,
          null,
          null,
          1
        ]
      },
      "/home/igor/Documentos/UFF/STI/Projeto_FInal/Aplicacao/config/application.rb": {
        "lines": [
          1,
          null,
          1,
          null,
          1,
          1,
          1,
          1,
          1,
          1,
          1,
          1,
          1,
          1,
          1,
          null,
          null,
          null,
          null,
          1,
          null,
          1,
          1,
          null,
          1,
          null,
          null,
          null,
          null,
          null,
          null,
          null,
          null,
          null,
          null,
          1,
          null,
          null
        ]
      },
      "/home/igor/Documentos/UFF/STI/Projeto_FInal/Aplicacao/config/boot.rb": {
        "lines": [
          1,
          null,
          1,
          1
        ]
      },
      "/home/igor/Documentos/UFF/STI/Projeto_FInal/Aplicacao/config/environments/test.rb": {
        "lines": [
          1,
          null,
          null,
          null,
          null,
          null,
          null,
          1,
          null,
          null,
          1,
          1,
          null,
          null,
          null,
          null,
          1,
          null,
          null,
          1,
          1,
          null,
          null,
          null,
          null,
          1,
          1,
          1,
          null,
          null,
          1,
          null,
          null,
          1,
          null,
          null,
          1,
          null,
          1,
          null,
          null,
          null,
          null,
          1,
          null,
          null,
          1,
          null,
          null,
          1,
          null,
          null,
          1,
          null,
          null,
          null,
          null,
          null,
          null,
          null
        ]
      },
      "/home/igor/Documentos/UFF/STI/Projeto_FInal/Aplicacao/config/initializers/application_controller_renderer.rb": {
        "lines": [
          null,
          null,
          null,
          null,
          null,
          null,
          null,
          null
        ]
      },
      "/home/igor/Documentos/UFF/STI/Projeto_FInal/Aplicacao/config/initializers/assets.rb": {
        "lines": [
          null,
          null,
          null,
          1,
          null,
          null,
          null,
          null,
          1,
          null,
          null,
          null,
          null,
          null
        ]
      },
      "/home/igor/Documentos/UFF/STI/Projeto_FInal/Aplicacao/config/initializers/backtrace_silencers.rb": {
        "lines": [
          null,
          null,
          null,
          null,
          null,
          null,
          null,
          1
        ]
      },
      "/home/igor/Documentos/UFF/STI/Projeto_FInal/Aplicacao/config/initializers/content_security_policy.rb": {
        "lines": [
          null,
          null,
          null,
          null,
          null,
          null,
          null,
          null,
          null,
          null,
          null,
          null,
          null,
          null,
          null,
          null,
          null,
          null,
          null,
          null,
          null,
          null,
          null,
          null,
          null,
          null,
          null,
          null,
          null,
          null
        ]
      },
      "/home/igor/Documentos/UFF/STI/Projeto_FInal/Aplicacao/config/initializers/cookies_serializer.rb": {
        "lines": [
          null,
          null,
          null,
          null,
          1
        ]
      },
      "/home/igor/Documentos/UFF/STI/Projeto_FInal/Aplicacao/config/initializers/devise.rb": {
        "lines": [
          null,
          null,
          null,
          null,
          null,
          null,
          null,
          null,
          null,
          null,
          1,
          null,
          null,
          null,
          null,
          null,
          null,
          null,
          null,
          null,
          null,
          null,
          null,
          null,
          null,
          null,
          1,
          null,
          null,
          null,
          null,
          null,
          null,
          null,
          null,
          null,
          null,
          null,
          1,
          null,
          null,
          null,
          null,
          null,
          null,
          null,
          null,
          null,
          null,
          null,
          null,
          null,
          null,
          null,
          null,
          null,
          null,
          null,
          null,
          null,
          1,
          null,
          null,
          null,
          null,
          1,
          null,
          null,
          null,
          null,
          null,
          null,
          null,
          null,
          null,
          null,
          null,
          null,
          null,
          null,
          null,
          null,
          null,
          null,
          null,
          null,
          null,
          null,
          null,
          null,
          null,
          null,
          null,
          null,
          null,
          null,
          null,
          null,
          null,
          1,
          null,
          null,
          null,
          null,
          null,
          null,
          null,
          null,
          null,
          null,
          null,
          null,
          null,
          null,
          null,
          null,
          null,
          null,
          null,
          null,
          null,
          null,
          null,
          null,
          null,
          1,
          null,
          null,
          null,
          null,
          null,
          null,
          null,
          null,
          null,
          null,
          null,
          null,
          null,
          null,
          null,
          null,
          null,
          null,
          null,
          null,
          null,
          null,
          null,
          null,
          null,
          null,
          null,
          null,
          null,
          null,
          null,
          null,
          null,
          1,
          null,
          null,
          null,
          null,
          null,
          null,
          null,
          null,
          null,
          1,
          null,
          null,
          null,
          null,
          null,
          null,
          null,
          null,
          null,
          null,
          1,
          null,
          null,
          null,
          null,
          1,
          null,
          null,
          null,
          null,
          null,
          null,
          null,
          null,
          null,
          null,
          null,
          null,
          null,
          null,
          null,
          null,
          null,
          null,
          null,
          null,
          null,
          null,
          null,
          null,
          null,
          null,
          null,
          null,
          null,
          null,
          null,
          null,
          null,
          null,
          null,
          null,
          null,
          null,
          null,
          null,
          1,
          null,
          null,
          null,
          null,
          null,
          null,
          null,
          null,
          null,
          null,
          null,
          null,
          null,
          null,
          null,
          null,
          null,
          null,
          null,
          null,
          null,
          null,
          null,
          null,
          null,
          null,
          null,
          null,
          null,
          null,
          null,
          null,
          null,
          null,
          null,
          null,
          null,
          null,
          null,
          null,
          null,
          1,
          null,
          null,
          null,
          null,
          null,
          null,
          null,
          null,
          null,
          null,
          null,
          null,
          null,
          null,
          null,
          null,
          null,
          null,
          null,
          null,
          null,
          null,
          null,
          null,
          null,
          null,
          null,
          null,
          null,
          null,
          null,
          null,
          null,
          null,
          null,
          null,
          null,
          null,
          null,
          null,
          null,
          null
        ]
      },
      "/home/igor/Documentos/UFF/STI/Projeto_FInal/Aplicacao/config/initializers/filter_parameter_logging.rb": {
        "lines": [
          null,
          null,
          null,
          1,
          null,
          null
        ]
      },
      "/home/igor/Documentos/UFF/STI/Projeto_FInal/Aplicacao/config/initializers/inflections.rb": {
        "lines": [
          null,
          null,
          null,
          null,
          null,
          null,
          null,
          null,
          null,
          null,
          null,
          null,
          null,
          null,
          null,
          null
        ]
      },
      "/home/igor/Documentos/UFF/STI/Projeto_FInal/Aplicacao/config/initializers/mime_types.rb": {
        "lines": [
          null,
          null,
          null,
          null
        ]
      },
      "/home/igor/Documentos/UFF/STI/Projeto_FInal/Aplicacao/config/initializers/permissions_policy.rb": {
        "lines": [
          null,
          null,
          null,
          null,
          null,
          null,
          null,
          null,
          null,
          null,
          null
        ]
      },
      "/home/igor/Documentos/UFF/STI/Projeto_FInal/Aplicacao/config/initializers/wrap_parameters.rb": {
        "lines": [
          null,
          null,
          null,
          null,
          null,
          null,
          1,
          2,
          null,
          null,
          null,
          null,
          null,
          null
        ]
      },
      "/home/igor/Documentos/UFF/STI/Projeto_FInal/Aplicacao/config/routes.rb": {
        "lines": [
          1,
          1,
          1,
          1,
          1,
          1,
          1,
          1,
          1,
          1,
          1,
          null,
          null,
          null,
          null
        ]
      },
      "/home/igor/Documentos/UFF/STI/Projeto_FInal/Aplicacao/app/models/user.rb": {
        "lines": [
          1,
          1,
          1,
          1,
          1,
          null,
          null,
          null
        ]
      },
      "/home/igor/Documentos/UFF/STI/Projeto_FInal/Aplicacao/app/models/application_record.rb": {
        "lines": [
          1,
          1,
          null
        ]
      },
      "/home/igor/Documentos/UFF/STI/Projeto_FInal/Aplicacao/app/helpers/alunos_helper.rb": {
        "lines": [
          1,
          null
        ]
      },
      "/home/igor/Documentos/UFF/STI/Projeto_FInal/Aplicacao/app/helpers/application_helper.rb": {
        "lines": [
          1,
          null
        ]
      },
      "/home/igor/Documentos/UFF/STI/Projeto_FInal/Aplicacao/app/helpers/campus_helper.rb": {
        "lines": [
          1,
          null
        ]
      },
      "/home/igor/Documentos/UFF/STI/Projeto_FInal/Aplicacao/app/helpers/caronas_helper.rb": {
        "lines": [
          1,
          null
        ]
      },
      "/home/igor/Documentos/UFF/STI/Projeto_FInal/Aplicacao/app/helpers/search_helper.rb": {
        "lines": [
          1,
          null
        ]
      },
      "/home/igor/Documentos/UFF/STI/Projeto_FInal/Aplicacao/app/helpers/sessions_helper.rb": {
        "lines": [
          1,
          1,
          0,
          null,
          1,
          0,
          null,
          1,
          0,
          0,
          null,
          null,
          1,
          0,
          null,
          1,
          0,
          0,
          null,
          null
        ]
      },
      "/home/igor/Documentos/UFF/STI/Projeto_FInal/Aplicacao/app/helpers/testes_helper.rb": {
        "lines": [
          1,
          null
        ]
      },
      "/home/igor/Documentos/UFF/STI/Projeto_FInal/Aplicacao/app/helpers/users_helper.rb": {
        "lines": [
          1,
          null
        ]
      },
      "/home/igor/Documentos/UFF/STI/Projeto_FInal/Aplicacao/app/helpers/welcome_helper.rb": {
        "lines": [
          1,
          null
        ]
      }
    },
    "timestamp": 1651491493
  }
}
